  Game.cpp
C:\Users\KGA\Desktop\ConsoleProject\ConsoleProject\Game.h(10,16): error C2143: 구문 오류: ';'이(가) '*' 앞에 없습니다.
  (소스 파일 'Game.cpp'을(를) 컴파일하는 중)
  
C:\Users\KGA\Desktop\ConsoleProject\ConsoleProject\Game.h(10,2): error C4430: 형식 지정자가 없습니다. int로 가정합니다. 참고: C++에서는 기본 int를 지원하지 않습니다.
  (소스 파일 'Game.cpp'을(를) 컴파일하는 중)
  
C:\Users\KGA\Desktop\ConsoleProject\ConsoleProject\Game.h(10,27): error C2238: ';' 앞에 예기치 않은 토큰이 있습니다.
  (소스 파일 'Game.cpp'을(를) 컴파일하는 중)
  
C:\Users\KGA\Desktop\ConsoleProject\ConsoleProject\LobbyScene.h(6,7): error C3769: 'InventoryScene': 중첩된 클래스의 이름은 바로 바깥쪽의 클래스의 이름과 같으면 안 됩니다.
  (소스 파일 'Game.cpp'을(를) 컴파일하는 중)
  
C:\Users\KGA\Desktop\ConsoleProject\ConsoleProject\TitleScene.h(4,7): error C3769: 'InventoryScene': 중첩된 클래스의 이름은 바로 바깥쪽의 클래스의 이름과 같으면 안 됩니다.
  (소스 파일 'Game.cpp'을(를) 컴파일하는 중)
  
C:\Users\KGA\Desktop\ConsoleProject\ConsoleProject\Game.cpp(9,7): error C3254: 'InventoryScene': 클래스에 명시적 재정의 '{ctor}'이(가) 포함되어 있지만 함수 선언을 포함하는 인터페이스에서 파생되지 않습니다.
C:\Users\KGA\Desktop\ConsoleProject\ConsoleProject\Game.cpp(9,7): error C2838: '{ctor}': 멤버 선언의 정규화된 이름이 잘못되었습니다.
C:\Users\KGA\Desktop\ConsoleProject\ConsoleProject\Game.cpp(15,8): error C3254: 'InventoryScene': 클래스에 명시적 재정의 '{dtor}'이(가) 포함되어 있지만 함수 선언을 포함하는 인터페이스에서 파생되지 않습니다.
C:\Users\KGA\Desktop\ConsoleProject\ConsoleProject\Game.cpp(15,8): error C2838: '{dtor}': 멤버 선언의 정규화된 이름이 잘못되었습니다.
C:\Users\KGA\Desktop\ConsoleProject\ConsoleProject\Game.cpp(20,12): error C3254: 'InventoryScene': 클래스에 명시적 재정의 'RunGame'이(가) 포함되어 있지만 함수 선언을 포함하는 인터페이스에서 파생되지 않습니다.
C:\Users\KGA\Desktop\ConsoleProject\ConsoleProject\Game.cpp(20,12): error C2838: 'RunGame': 멤버 선언의 정규화된 이름이 잘못되었습니다.
C:\Users\KGA\Desktop\ConsoleProject\ConsoleProject\InventoryScene.h(10,1): error C1075: '{': 일치하는 토큰을 찾을 수 없습니다.
  (소스 파일 'Game.cpp'을(를) 컴파일하는 중)
  
  InventoryScene.cpp
C:\Users\KGA\Desktop\ConsoleProject\ConsoleProject\InventoryScene.cpp(5,22): error C4596: 'runScene': 멤버 선언의 정규화된 이름이 잘못되었습니다.
C:\Users\KGA\Desktop\ConsoleProject\ConsoleProject\InventoryScene.cpp(5,22): error C2535: 'void InventoryScene::runScene(Player *,InventoryScene *)': 멤버 함수를 이미 정의했거나 선언했습니다.
      C:\Users\KGA\Desktop\ConsoleProject\ConsoleProject\InventoryScene.h(14,7):
      'InventoryScene::runScene' 선언을 참조하십시오.
  
C:\Users\KGA\Desktop\ConsoleProject\ConsoleProject\InventoryScene.cpp(12,22): error C4596: 'EquippingItem': 멤버 선언의 정규화된 이름이 잘못되었습니다.
C:\Users\KGA\Desktop\ConsoleProject\ConsoleProject\InventoryScene.cpp(12,22): error C2535: 'void InventoryScene::EquippingItem(Player *)': 멤버 함수를 이미 정의했거나 선언했습니다.
      C:\Users\KGA\Desktop\ConsoleProject\ConsoleProject\InventoryScene.h(15,7):
      'InventoryScene::EquippingItem' 선언을 참조하십시오.
  
C:\Users\KGA\Desktop\ConsoleProject\ConsoleProject\InventoryScene.cpp(30,22): error C4596: 'GotItem': 멤버 선언의 정규화된 이름이 잘못되었습니다.
C:\Users\KGA\Desktop\ConsoleProject\ConsoleProject\InventoryScene.cpp(30,22): error C2535: 'void InventoryScene::GotItem(Item &)': 멤버 함수를 이미 정의했거나 선언했습니다.
      C:\Users\KGA\Desktop\ConsoleProject\ConsoleProject\InventoryScene.h(16,7):
      'InventoryScene::GotItem' 선언을 참조하십시오.
  
C:\Users\KGA\Desktop\ConsoleProject\ConsoleProject\InventoryScene.cpp(35,22): error C4596: 'displayGotItems': 멤버 선언의 정규화된 이름이 잘못되었습니다.
C:\Users\KGA\Desktop\ConsoleProject\ConsoleProject\InventoryScene.cpp(35,22): error C2535: 'void InventoryScene::displayGotItems(const std::vector<Item,std::allocator<Item>> &) const': 멤버 함수를 이미 정의했거나 선언했습니다.
      C:\Users\KGA\Desktop\ConsoleProject\ConsoleProject\InventoryScene.h(17,7):
      'InventoryScene::displayGotItems' 선언을 참조하십시오.
  
C:\Users\KGA\Desktop\ConsoleProject\ConsoleProject\InventoryScene.cpp(56,22): error C4596: 'UnEquippingItem': 멤버 선언의 정규화된 이름이 잘못되었습니다.
C:\Users\KGA\Desktop\ConsoleProject\ConsoleProject\InventoryScene.cpp(56,22): error C2535: 'void InventoryScene::UnEquippingItem(Player *)': 멤버 함수를 이미 정의했거나 선언했습니다.
      C:\Users\KGA\Desktop\ConsoleProject\ConsoleProject\InventoryScene.h(18,7):
      'InventoryScene::UnEquippingItem' 선언을 참조하십시오.
  
C:\Users\KGA\Desktop\ConsoleProject\ConsoleProject\InventoryScene.h(10,1): error C1075: '{': 일치하는 토큰을 찾을 수 없습니다.
  (소스 파일 'InventoryScene.cpp'을(를) 컴파일하는 중)
  
  Item.cpp
  LobbyScene.cpp
C:\Users\KGA\Desktop\ConsoleProject\ConsoleProject\LobbyScene.cpp(7,18): error C3254: 'InventoryScene': 클래스에 명시적 재정의 'runScene'이(가) 포함되어 있지만 함수 선언을 포함하는 인터페이스에서 파생되지 않습니다.
C:\Users\KGA\Desktop\ConsoleProject\ConsoleProject\LobbyScene.cpp(7,18): error C2838: 'runScene': 멤버 선언의 정규화된 이름이 잘못되었습니다.
C:\Users\KGA\Desktop\ConsoleProject\ConsoleProject\LobbyScene.cpp(7,18): error C2535: 'void InventoryScene::runScene(Player *,InventoryScene *)': 멤버 함수를 이미 정의했거나 선언했습니다.
      C:\Users\KGA\Desktop\ConsoleProject\ConsoleProject\InventoryScene.h(14,7):
      'InventoryScene::runScene' 선언을 참조하십시오.
  
C:\Users\KGA\Desktop\ConsoleProject\ConsoleProject\InventoryScene.h(10,1): error C1075: '{': 일치하는 토큰을 찾을 수 없습니다.
  (소스 파일 'LobbyScene.cpp'을(를) 컴파일하는 중)
  
  main.cpp
C:\Users\KGA\Desktop\ConsoleProject\ConsoleProject\Game.h(10,16): error C2143: 구문 오류: ';'이(가) '*' 앞에 없습니다.
  (소스 파일 'main.cpp'을(를) 컴파일하는 중)
  
C:\Users\KGA\Desktop\ConsoleProject\ConsoleProject\Game.h(10,2): error C4430: 형식 지정자가 없습니다. int로 가정합니다. 참고: C++에서는 기본 int를 지원하지 않습니다.
  (소스 파일 'main.cpp'을(를) 컴파일하는 중)
  
C:\Users\KGA\Desktop\ConsoleProject\ConsoleProject\Game.h(10,27): error C2238: ';' 앞에 예기치 않은 토큰이 있습니다.
  (소스 파일 'main.cpp'을(를) 컴파일하는 중)
  
  StoreScene.cpp
C:\Users\KGA\Desktop\ConsoleProject\ConsoleProject\LobbyScene.h(6,7): error C3769: 'InventoryScene': 중첩된 클래스의 이름은 바로 바깥쪽의 클래스의 이름과 같으면 안 됩니다.
  (소스 파일 'StoreScene.cpp'을(를) 컴파일하는 중)
  
C:\Users\KGA\Desktop\ConsoleProject\ConsoleProject\StoreScene.cpp(10,18): error C3254: 'InventoryScene': 클래스에 명시적 재정의 'runScene'이(가) 포함되어 있지만 함수 선언을 포함하는 인터페이스에서 파생되지 않습니다.
C:\Users\KGA\Desktop\ConsoleProject\ConsoleProject\StoreScene.cpp(10,18): error C2838: 'runScene': 멤버 선언의 정규화된 이름이 잘못되었습니다.
C:\Users\KGA\Desktop\ConsoleProject\ConsoleProject\StoreScene.cpp(19,13): error C3254: 'InventoryScene': 클래스에 명시적 재정의 '{ctor}'이(가) 포함되어 있지만 함수 선언을 포함하는 인터페이스에서 파생되지 않습니다.
C:\Users\KGA\Desktop\ConsoleProject\ConsoleProject\StoreScene.cpp(19,13): error C2838: '{ctor}': 멤버 선언의 정규화된 이름이 잘못되었습니다.
C:\Users\KGA\Desktop\ConsoleProject\ConsoleProject\StoreScene.cpp(32,18): error C3254: 'InventoryScene': 클래스에 명시적 재정의 'displaySellingItems'이(가) 포함되어 있지만 함수 선언을 포함하는 인터페이스에서 파생되지 않습니다.
C:\Users\KGA\Desktop\ConsoleProject\ConsoleProject\StoreScene.cpp(32,18): error C2838: 'displaySellingItems': 멤버 선언의 정규화된 이름이 잘못되었습니다.
C:\Users\KGA\Desktop\ConsoleProject\ConsoleProject\StoreScene.cpp(42,18): error C3254: 'InventoryScene': 클래스에 명시적 재정의 'storeInformation'이(가) 포함되어 있지만 함수 선언을 포함하는 인터페이스에서 파생되지 않습니다.
C:\Users\KGA\Desktop\ConsoleProject\ConsoleProject\StoreScene.cpp(42,18): error C2838: 'storeInformation': 멤버 선언의 정규화된 이름이 잘못되었습니다.
C:\Users\KGA\Desktop\ConsoleProject\ConsoleProject\StoreScene.cpp(67,18): error C3254: 'InventoryScene': 클래스에 명시적 재정의 'buyCheck'이(가) 포함되어 있지만 함수 선언을 포함하는 인터페이스에서 파생되지 않습니다.
C:\Users\KGA\Desktop\ConsoleProject\ConsoleProject\StoreScene.cpp(67,18): error C2838: 'buyCheck': 멤버 선언의 정규화된 이름이 잘못되었습니다.
C:\Users\KGA\Desktop\ConsoleProject\ConsoleProject\StoreScene.cpp(93,18): error C3254: 'InventoryScene': 클래스에 명시적 재정의 'buyItem'이(가) 포함되어 있지만 함수 선언을 포함하는 인터페이스에서 파생되지 않습니다.
C:\Users\KGA\Desktop\ConsoleProject\ConsoleProject\StoreScene.cpp(93,18): error C2838: 'buyItem': 멤버 선언의 정규화된 이름이 잘못되었습니다.
C:\Users\KGA\Desktop\ConsoleProject\ConsoleProject\InventoryScene.h(10,1): error C1075: '{': 일치하는 토큰을 찾을 수 없습니다.
  (소스 파일 'StoreScene.cpp'을(를) 컴파일하는 중)
  
  TitleScene.cpp
C:\Users\KGA\Desktop\ConsoleProject\ConsoleProject\TitleScene.cpp(5,18): error C3254: 'InventoryScene': 클래스에 명시적 재정의 'runScene'이(가) 포함되어 있지만 함수 선언을 포함하는 인터페이스에서 파생되지 않습니다.
C:\Users\KGA\Desktop\ConsoleProject\ConsoleProject\TitleScene.cpp(5,18): error C2838: 'runScene': 멤버 선언의 정규화된 이름이 잘못되었습니다.
C:\Users\KGA\Desktop\ConsoleProject\ConsoleProject\TitleScene.cpp(5,18): error C2535: 'void InventoryScene::runScene(Player *,InventoryScene *)': 멤버 함수를 이미 정의했거나 선언했습니다.
      C:\Users\KGA\Desktop\ConsoleProject\ConsoleProject\InventoryScene.h(14,7):
      'InventoryScene::runScene' 선언을 참조하십시오.
  
C:\Users\KGA\Desktop\ConsoleProject\ConsoleProject\InventoryScene.h(10,1): error C1075: '{': 일치하는 토큰을 찾을 수 없습니다.
  (소스 파일 'TitleScene.cpp'을(를) 컴파일하는 중)
  
  코드를 생성하고 있습니다...
